Using pip 25.3 from C:\Users\PC\AppData\Local\Python\pythoncore-3.14-64\Lib\site-packages\pip (python 3.14)
Collecting Flask-Cors
  Obtaining dependency information for Flask-Cors from https://files.pythonhosted.org/packages/4f/af/72ad54402e599152de6d067324c46fe6a4f531c7c65baf7e96c63db55eaf/flask_cors-6.0.2-py3-none-any.whl.metadata
  Downloading flask_cors-6.0.2-py3-none-any.whl.metadata (5.3 kB)
Collecting PyMySQL
  Obtaining dependency information for PyMySQL from https://files.pythonhosted.org/packages/7c/4c/ad33b92b9864cbde84f259d5df035a6447f91891f5be77788e2a3892bce3/pymysql-1.1.2-py3-none-any.whl.metadata
  Downloading pymysql-1.1.2-py3-none-any.whl.metadata (4.3 kB)
Collecting SQLAlchemy
  Obtaining dependency information for SQLAlchemy from https://files.pythonhosted.org/packages/89/a2/0e1590e9adb292b1d576dbcf67ff7df8cf55e56e78d2c927686d01080f4b/sqlalchemy-2.0.45-cp314-cp314-win_amd64.whl.metadata
  Downloading sqlalchemy-2.0.45-cp314-cp314-win_amd64.whl.metadata (9.8 kB)
Collecting python-dotenv
  Obtaining dependency information for python-dotenv from https://files.pythonhosted.org/packages/14/1b/a298b06749107c305e1fe0f814c6c74aea7b2f1e10989cb30f544a1b3253/python_dotenv-1.2.1-py3-none-any.whl.metadata
  Downloading python_dotenv-1.2.1-py3-none-any.whl.metadata (25 kB)
Collecting PyJWT
  Obtaining dependency information for PyJWT from https://files.pythonhosted.org/packages/61/ad/689f02752eeec26aed679477e80e632ef1b682313be70793d798c1d5fc8f/PyJWT-2.10.1-py3-none-any.whl.metadata
  Downloading PyJWT-2.10.1-py3-none-any.whl.metadata (4.0 kB)
Collecting passlib
  Obtaining dependency information for passlib from https://files.pythonhosted.org/packages/3b/a4/ab6b7589382ca3df236e03faa71deac88cae040af60c071a78d254a62172/passlib-1.7.4-py2.py3-none-any.whl.metadata
  Using cached passlib-1.7.4-py2.py3-none-any.whl.metadata (1.7 kB)
Requirement already satisfied: flask>=0.9 in c:\users\pc\appdata\local\python\pythoncore-3.14-64\lib\site-packages (from Flask-Cors) (3.1.2)
Requirement already satisfied: Werkzeug>=0.7 in c:\users\pc\appdata\local\python\pythoncore-3.14-64\lib\site-packages (from Flask-Cors) (3.1.4)
Collecting greenlet>=1 (from SQLAlchemy)
  Obtaining dependency information for greenlet>=1 from https://files.pythonhosted.org/packages/7c/9a/9030e6f9aa8fd7808e9c31ba4c38f87c4f8ec324ee67431d181fe396d705/greenlet-3.3.0-cp314-cp314-win_amd64.whl.metadata
  Downloading greenlet-3.3.0-cp314-cp314-win_amd64.whl.metadata (4.2 kB)
Collecting typing-extensions>=4.6.0 (from SQLAlchemy)
  Obtaining dependency information for typing-extensions>=4.6.0 from https://files.pythonhosted.org/packages/18/67/36e9267722cc04a6b9f15c7f3441c2363321a3ea07da7ae0c0707beb2a9c/typing_extensions-4.15.0-py3-none-any.whl.metadata
  Using cached typing_extensions-4.15.0-py3-none-any.whl.metadata (3.3 kB)
Requirement already satisfied: blinker>=1.9.0 in c:\users\pc\appdata\local\python\pythoncore-3.14-64\lib\site-packages (from flask>=0.9->Flask-Cors) (1.9.0)
Requirement already satisfied: click>=8.1.3 in c:\users\pc\appdata\local\python\pythoncore-3.14-64\lib\site-packages (from flask>=0.9->Flask-Cors) (8.3.1)
Requirement already satisfied: itsdangerous>=2.2.0 in c:\users\pc\appdata\local\python\pythoncore-3.14-64\lib\site-packages (from flask>=0.9->Flask-Cors) (2.2.0)
Requirement already satisfied: jinja2>=3.1.2 in c:\users\pc\appdata\local\python\pythoncore-3.14-64\lib\site-packages (from flask>=0.9->Flask-Cors) (3.1.6)
Requirement already satisfied: markupsafe>=2.1.1 in c:\users\pc\appdata\local\python\pythoncore-3.14-64\lib\site-packages (from flask>=0.9->Flask-Cors) (3.0.3)
Requirement already satisfied: colorama in c:\users\pc\appdata\local\python\pythoncore-3.14-64\lib\site-packages (from click>=8.1.3->flask>=0.9->Flask-Cors) (0.4.6)
Downloading flask_cors-6.0.2-py3-none-any.whl (13 kB)
Downloading pymysql-1.1.2-py3-none-any.whl (45 kB)
Downloading sqlalchemy-2.0.45-cp314-cp314-win_amd64.whl (2.1 MB)
   ---------------------------------------- 2.1/2.1 MB 1.8 MB/s  0:00:01
Downloading python_dotenv-1.2.1-py3-none-any.whl (21 kB)
Downloading PyJWT-2.10.1-py3-none-any.whl (22 kB)
Using cached passlib-1.7.4-py2.py3-none-any.whl (525 kB)
Downloading greenlet-3.3.0-cp314-cp314-win_amd64.whl (305 kB)
Using cached typing_extensions-4.15.0-py3-none-any.whl (44 kB)
Installing collected packages: passlib, typing-extensions, python-dotenv, PyMySQL, PyJWT, greenlet, SQLAlchemy, Flask-Cors
